<?xml version="1.0" encoding="UTF-8"?>
<!-- Generated by org.testng.reporters.JUnitXMLReporter -->
<testsuite hostname="PeopleNTech-PC" ignored="0" name="Command line test" tests="1" failures="0" timestamp="16 Sep 2017 14:17:09 GMT" time="0.247" errors="0">
  <testcase name="@BeforeMethod setUp" time="0.221" classname="base.CommonAPI">
    <failure type="java.lang.IllegalStateException" message="The driver executable does not exist: C:\Users\PeopleNTech\IdeaProjects\Web-Automation-Framework\Amazon\..\Generic\driver\geckodriver.exe">
      <![CDATA[java.lang.IllegalStateException: The driver executable does not exist: C:\Users\PeopleNTech\IdeaProjects\Web-Automation-Framework\Amazon\..\Generic\driver\geckodriver.exe
	at com.google.common.base.Preconditions.checkState(Preconditions.java:534)
	at org.openqa.selenium.remote.service.DriverService.checkExecutable(DriverService.java:136)
	at org.openqa.selenium.remote.service.DriverService.findExecutable(DriverService.java:131)
	at org.openqa.selenium.firefox.GeckoDriverService.access$100(GeckoDriverService.java:41)
	at org.openqa.selenium.firefox.GeckoDriverService$Builder.findDefaultExecutable(GeckoDriverService.java:115)
	at org.openqa.selenium.remote.service.DriverService$Builder.build(DriverService.java:329)
	at org.openqa.selenium.firefox.FirefoxDriver.toExecutor(FirefoxDriver.java:207)
	at org.openqa.selenium.firefox.FirefoxDriver.<init>(FirefoxDriver.java:103)
	at org.openqa.selenium.firefox.FirefoxDriver.<init>(FirefoxDriver.java:99)
	at base.CommonAPI.getLocalDriver(CommonAPI.java:69)
	at base.CommonAPI.setUp(CommonAPI.java:48)
... Removed 36 stack frames]]>
    </failure>
  </testcase> <!-- @BeforeMethod setUp -->
  <testcase name="testHome" time="0.001" classname="home.TestAmazonSearch">
    <skipped/>
  </testcase> <!-- testHome -->
</testsuite> <!-- Command line test -->
